<?xml version="1.0" encoding="UTF-8"?>
<testng-results ignored="0" total="2" passed="2" failed="0" skipped="0">
  <reporter-output>
  </reporter-output>
  <suite started-at="2023-01-24T15:47:47 IST" name="Default suite" finished-at="2023-01-24T15:47:52 IST" duration-ms="5140">
    <groups>
    </groups>
    <test started-at="2023-01-24T15:47:47 IST" name="Default test" finished-at="2023-01-24T15:47:52 IST" duration-ms="5140">
      <class name="com.Restassure_Practice.DataDrivenExample">
        <test-method signature="test_delete(int)[pri:0, instance:com.Restassure_Practice.DataDrivenExample@53976f5c]" started-at="2023-01-24T15:47:47 IST" name="test_delete" data-provider="dataForDelete" finished-at="2023-01-24T15:47:52 IST" duration-ms="4959" status="PASS">
          <params>
            <param index="0">
              <value>
                <![CDATA[6]]>
              </value>
            </param>
          </params>
          <reporter-output>
          </reporter-output>
        </test-method> <!-- test_delete -->
        <test-method signature="test_delete(int)[pri:0, instance:com.Restassure_Practice.DataDrivenExample@53976f5c]" started-at="2023-01-24T15:47:52 IST" name="test_delete" data-provider="dataForDelete" finished-at="2023-01-24T15:47:52 IST" duration-ms="63" status="PASS">
          <params>
            <param index="0">
              <value>
                <![CDATA[7]]>
              </value>
            </param>
          </params>
          <reporter-output>
          </reporter-output>
        </test-method> <!-- test_delete -->
      </class> <!-- com.Restassure_Practice.DataDrivenExample -->
    </test> <!-- Default test -->
  </suite> <!-- Default suite -->
</testng-results>
